<?xml version="1.0" encoding="UTF-8"?>
<robot generator="Robot 7.0 (Python 3.12.3 on win32)" generated="2024-05-26T22:28:08.867244" rpa="false" schemaversion="5">
<suite id="s1" name="Barber" source="c:\Users\stanf\Desktop\BPR_2\BarbersHouse\testing\seleniumTesting\barber.robot">
<test id="s1-t1" name="Delete a Barber" line="528">
<kw name="Open Chrome">
<kw name="Create Dictionary" owner="BuiltIn">
<msg time="2024-05-26T22:28:09.044245" level="INFO">${device metrics} = {'width': 1366, 'height': 768, 'pixelRatio': 1.0}</msg>
<var>${device metrics}</var>
<arg>width=${1366}</arg>
<arg>height=${768}</arg>
<arg>pixelRatio=${1.0}</arg>
<doc>Creates and returns a dictionary based on the given ``items``.</doc>
<status status="PASS" start="2024-05-26T22:28:09.043244" elapsed="0.011502"/>
</kw>
<kw name="Evaluate" owner="BuiltIn">
<msg time="2024-05-26T22:28:09.055245" level="INFO">${chrome options} = &lt;selenium.webdriver.chrome.options.Options object at 0x04565B10&gt;</msg>
<var>${chrome options}</var>
<arg>sys.modules['selenium.webdriver'].ChromeOptions()</arg>
<arg>sys, selenium.webdriver</arg>
<doc>Evaluates the given expression in Python and returns the result.</doc>
<status status="PASS" start="2024-05-26T22:28:09.054746" elapsed="0.000499"/>
</kw>
<kw name="Call Method" owner="BuiltIn">
<arg>${chrome options}</arg>
<arg>add_argument</arg>
<arg>--start-maximized</arg>
<doc>Calls the named method of the given object with the provided arguments.</doc>
<status status="PASS" start="2024-05-26T22:28:09.055745" elapsed="0.000000"/>
</kw>
<kw name="Create Webdriver" owner="SeleniumLibrary">
<msg time="2024-05-26T22:28:09.056245" level="INFO">Creating an instance of the Chrome WebDriver.</msg>
<arg>Chrome</arg>
<arg>chrome_options=${chrome options}</arg>
<arg>executable_path=${chrome_driver_path}</arg>
<doc>Creates an instance of Selenium WebDriver.</doc>
<status status="PASS" start="2024-05-26T22:28:09.056245" elapsed="1.413500"/>
</kw>
<status status="PASS" start="2024-05-26T22:28:09.042245" elapsed="1.428000"/>
</kw>
<kw name="Go To" owner="SeleniumLibrary">
<msg time="2024-05-26T22:28:10.470746" level="INFO">Opening url 'https://barbershouseproject-419414.web.app/admin'</msg>
<arg>https://barbershouseproject-419414.web.app/admin</arg>
<doc>Navigates the current browser window to the provided ``url``.</doc>
<status status="PASS" start="2024-05-26T22:28:10.470245" elapsed="2.602912"/>
</kw>
<kw name="Sleep" owner="BuiltIn">
<msg time="2024-05-26T22:28:15.074158" level="INFO">Slept 2 seconds.</msg>
<arg>2s</arg>
<doc>Pauses the test executed for the given time.</doc>
<status status="PASS" start="2024-05-26T22:28:13.073656" elapsed="2.000502"/>
</kw>
<kw name="Click Element" owner="SeleniumLibrary">
<msg time="2024-05-26T22:28:15.075156" level="INFO">Clicking element 'xpath=//*[@id="username"]'.</msg>
<arg>xpath=//*[@id="username"]</arg>
<doc>Click the element identified by ``locator``.</doc>
<status status="PASS" start="2024-05-26T22:28:15.074656" elapsed="0.037500"/>
</kw>
<kw name="Sleep" owner="BuiltIn">
<msg time="2024-05-26T22:28:16.112989" level="INFO">Slept 1 second.</msg>
<arg>1s</arg>
<doc>Pauses the test executed for the given time.</doc>
<status status="PASS" start="2024-05-26T22:28:15.112656" elapsed="1.000333"/>
</kw>
<kw name="Input Text" owner="SeleniumLibrary">
<msg time="2024-05-26T22:28:16.113490" level="INFO">Typing text 'administrator' into text field 'xpath=//*[@id="username"]'.</msg>
<arg>xpath=//*[@id="username"]</arg>
<arg>administrator</arg>
<doc>Types the given ``text`` into the text field identified by ``locator``.</doc>
<status status="PASS" start="2024-05-26T22:28:16.113490" elapsed="0.046501"/>
</kw>
<kw name="Sleep" owner="BuiltIn">
<msg time="2024-05-26T22:28:17.160812" level="INFO">Slept 1 second.</msg>
<arg>1s</arg>
<doc>Pauses the test executed for the given time.</doc>
<status status="PASS" start="2024-05-26T22:28:16.160491" elapsed="1.000321"/>
</kw>
<kw name="Click Element" owner="SeleniumLibrary">
<msg time="2024-05-26T22:28:17.161311" level="INFO">Clicking element 'xpath=//*[@id="root"]/main/div/form/div[2]/div'.</msg>
<arg>xpath=//*[@id="root"]/main/div/form/div[2]/div</arg>
<doc>Click the element identified by ``locator``.</doc>
<status status="PASS" start="2024-05-26T22:28:17.161311" elapsed="0.031501"/>
</kw>
<kw name="Sleep" owner="BuiltIn">
<msg time="2024-05-26T22:28:18.193908" level="INFO">Slept 1 second.</msg>
<arg>1s</arg>
<doc>Pauses the test executed for the given time.</doc>
<status status="PASS" start="2024-05-26T22:28:17.193312" elapsed="1.000596"/>
</kw>
<kw name="Input Text" owner="SeleniumLibrary">
<msg time="2024-05-26T22:28:18.194908" level="INFO">Typing text 'administrator' into text field 'xpath=//*[@id="password"]'.</msg>
<arg>xpath=//*[@id="password"]</arg>
<arg>administrator</arg>
<doc>Types the given ``text`` into the text field identified by ``locator``.</doc>
<status status="PASS" start="2024-05-26T22:28:18.194409" elapsed="0.043000"/>
</kw>
<kw name="Sleep" owner="BuiltIn">
<msg time="2024-05-26T22:28:19.238666" level="INFO">Slept 1 second.</msg>
<arg>1s</arg>
<doc>Pauses the test executed for the given time.</doc>
<status status="PASS" start="2024-05-26T22:28:18.237908" elapsed="1.000758"/>
</kw>
<kw name="Click Element" owner="SeleniumLibrary">
<msg time="2024-05-26T22:28:19.239166" level="INFO">Clicking element 'xpath=//*[@id="root"]/main/div/form/label/span[1]/input'.</msg>
<arg>xpath=//*[@id="root"]/main/div/form/label/span[1]/input</arg>
<doc>Click the element identified by ``locator``.</doc>
<status status="PASS" start="2024-05-26T22:28:19.239166" elapsed="0.034502"/>
</kw>
<kw name="Sleep" owner="BuiltIn">
<msg time="2024-05-26T22:28:20.274866" level="INFO">Slept 1 second.</msg>
<arg>1s</arg>
<doc>Pauses the test executed for the given time.</doc>
<status status="PASS" start="2024-05-26T22:28:19.274666" elapsed="1.000200"/>
</kw>
<kw name="Click Element" owner="SeleniumLibrary">
<msg time="2024-05-26T22:28:20.275366" level="INFO">Clicking element 'xpath=//*[@id="root"]/main/div/form/button'.</msg>
<arg>xpath=//*[@id="root"]/main/div/form/button</arg>
<doc>Click the element identified by ``locator``.</doc>
<status status="PASS" start="2024-05-26T22:28:20.275366" elapsed="0.037000"/>
</kw>
<kw name="Sleep" owner="BuiltIn">
<msg time="2024-05-26T22:28:22.313789" level="INFO">Slept 2 seconds.</msg>
<arg>2s</arg>
<doc>Pauses the test executed for the given time.</doc>
<status status="PASS" start="2024-05-26T22:28:20.312868" elapsed="2.000921"/>
</kw>
<kw name="Wait Until Element Is Visible" owner="SeleniumLibrary">
<arg>xpath=//*[@id="root"]/div/div/div/nav/li[1]/a</arg>
<doc>Waits until the element ``locator`` is visible.</doc>
<status status="PASS" start="2024-05-26T22:28:22.314291" elapsed="0.018000"/>
</kw>
<kw name="Click Element" owner="SeleniumLibrary">
<msg time="2024-05-26T22:28:22.332791" level="INFO">Clicking element 'xpath=//*[@id="root"]/div/div/div/nav/li[2]/a/div[2]/span'.</msg>
<arg>xpath=//*[@id="root"]/div/div/div/nav/li[2]/a/div[2]/span</arg>
<doc>Click the element identified by ``locator``.</doc>
<status status="PASS" start="2024-05-26T22:28:22.332791" elapsed="0.056499"/>
</kw>
<kw name="Sleep" owner="BuiltIn">
<msg time="2024-05-26T22:28:23.391164" level="INFO">Slept 1 second.</msg>
<arg>1s</arg>
<doc>Pauses the test executed for the given time.</doc>
<status status="PASS" start="2024-05-26T22:28:22.390291" elapsed="1.000873"/>
</kw>
<kw name="Click Element" owner="SeleniumLibrary">
<msg time="2024-05-26T22:28:23.391664" level="INFO">Clicking element 'xpath=//*[@id="root"]/div/main/div[2]/div/div/div/div[2]/div/div[2]/div/div[3]/div[7]/button'.</msg>
<arg>xpath=//*[@id="root"]/div/main/div[2]/div/div/div/div[2]/div/div[2]/div/div[3]/div[7]/button</arg>
<doc>Click the element identified by ``locator``.</doc>
<status status="PASS" start="2024-05-26T22:28:23.391664" elapsed="0.072001"/>
</kw>
<kw name="Sleep" owner="BuiltIn">
<msg time="2024-05-26T22:28:24.464774" level="INFO">Slept 1 second.</msg>
<arg>1s</arg>
<doc>Pauses the test executed for the given time.</doc>
<status status="PASS" start="2024-05-26T22:28:23.464164" elapsed="1.000610"/>
</kw>
<kw name="Click Element" owner="SeleniumLibrary">
<msg time="2024-05-26T22:28:24.465775" level="INFO">Clicking element 'xpath=/html/body/div[3]/div[3]/div/div[2]/button[2]'.</msg>
<arg>xpath=/html/body/div[3]/div[3]/div/div[2]/button[2]</arg>
<doc>Click the element identified by ``locator``.</doc>
<status status="PASS" start="2024-05-26T22:28:24.465273" elapsed="0.029502"/>
</kw>
<kw name="Close Browser" owner="SeleniumLibrary">
<doc>Closes the current browser.</doc>
<status status="PASS" start="2024-05-26T22:28:24.495274" elapsed="2.163509"/>
</kw>
<status status="PASS" start="2024-05-26T22:28:09.041745" elapsed="17.617538"/>
</test>
<status status="PASS" start="2024-05-26T22:28:08.871245" elapsed="17.789040"/>
</suite>
<statistics>
<total>
<stat pass="1" fail="0" skip="0">All Tests</stat>
</total>
<tag>
</tag>
<suite>
<stat pass="1" fail="0" skip="0" id="s1" name="Barber">Barber</stat>
</suite>
</statistics>
<errors>
</errors>
</robot>
